Checking if template exists in the storage
Template configuration hash : 6535a80cbd8cbd80ee9906f35af27bad0a2ebb1d
Read template from root://eoslhcb.cern.ch//eos/lhcb/wg/PID/...a80cbd8cbd80ee9906f35af27bad0a2ebb1d/
Applying Gaussian smearing with kernel [2.0, 2.0, 4.0, 4.0]
Smeared template ready, starting resampling
Resampling chunk 1/5, index=0/221384
Resampling chunk 2/5, index=50000/221384
Resampling chunk 3/5, index=100000/221384
Resampling chunk 4/5, index=150000/221384
Resampling chunk 5/5, index=200000/221384
Random sampling of raw template with seed 1
Applying Gaussian smearing with kernel [2.0, 2.0, 4.0, 4.0]
Smeared template ready, starting resampling
Resampling chunk 1/5, index=0/221384
Resampling chunk 2/5, index=50000/221384
Resampling chunk 3/5, index=100000/221384
Resampling chunk 4/5, index=150000/221384
Resampling chunk 5/5, index=200000/221384
Random sampling of raw template with seed 2
Applying Gaussian smearing with kernel [2.0, 2.0, 4.0, 4.0]
Smeared template ready, starting resampling
Resampling chunk 1/5, index=0/221384
Resampling chunk 2/5, index=50000/221384
Resampling chunk 3/5, index=100000/221384
Resampling chunk 4/5, index=150000/221384
Resampling chunk 5/5, index=200000/221384
Random sampling of raw template with seed 3
Applying Gaussian smearing with kernel [2.0, 2.0, 4.0, 4.0]
Smeared template ready, starting resampling
Resampling chunk 1/5, index=0/221384
Resampling chunk 2/5, index=50000/221384
Resampling chunk 3/5, index=100000/221384
Resampling chunk 4/5, index=150000/221384
Resampling chunk 5/5, index=200000/221384
