Checking if template exists in the storage
Template configuration hash : 7442b696b3b633e05c556f7d300c376e661b42a4
Read template from root://eoslhcb.cern.ch//eos/lhcb/wg/PID/...b696b3b633e05c556f7d300c376e661b42a4/
Applying Gaussian smearing with kernel [2.0, 2.0, 4.0, 4.0]
Smeared template ready, starting resampling
Resampling chunk 1/2, index=0/75715
Resampling chunk 2/2, index=50000/75715
Random sampling of raw template with seed 1
Applying Gaussian smearing with kernel [2.0, 2.0, 4.0, 4.0]
Smeared template ready, starting resampling
Resampling chunk 1/2, index=0/75715
Resampling chunk 2/2, index=50000/75715
Random sampling of raw template with seed 2
Applying Gaussian smearing with kernel [2.0, 2.0, 4.0, 4.0]
Smeared template ready, starting resampling
Resampling chunk 1/2, index=0/75715
Resampling chunk 2/2, index=50000/75715
Random sampling of raw template with seed 3
Applying Gaussian smearing with kernel [2.0, 2.0, 4.0, 4.0]
Smeared template ready, starting resampling
Resampling chunk 1/2, index=0/75715
Resampling chunk 2/2, index=50000/75715
