Checking if template exists in the storage
Template configuration hash : 40163e62fcf69ee9d393172d7e3ae3c525b1c746
Read template from root://eoslhcb.cern.ch//eos/lhcb/wg/PID/...3e62fcf69ee9d393172d7e3ae3c525b1c746/
Applying Gaussian smearing with kernel [2.0, 2.0, 4.0, 4.0]
Smeared template ready, starting resampling
Resampling chunk 1/3, index=0/112498
Resampling chunk 2/3, index=50000/112498
Resampling chunk 3/3, index=100000/112498
Random sampling of raw template with seed 1
Applying Gaussian smearing with kernel [2.0, 2.0, 4.0, 4.0]
Smeared template ready, starting resampling
Resampling chunk 1/3, index=0/112498
Resampling chunk 2/3, index=50000/112498
Resampling chunk 3/3, index=100000/112498
Random sampling of raw template with seed 2
Applying Gaussian smearing with kernel [2.0, 2.0, 4.0, 4.0]
Smeared template ready, starting resampling
Resampling chunk 1/3, index=0/112498
Resampling chunk 2/3, index=50000/112498
Resampling chunk 3/3, index=100000/112498
Random sampling of raw template with seed 3
Applying Gaussian smearing with kernel [2.0, 2.0, 4.0, 4.0]
Smeared template ready, starting resampling
Resampling chunk 1/3, index=0/112498
Resampling chunk 2/3, index=50000/112498
Resampling chunk 3/3, index=100000/112498
