Checking if template exists in the storage
Template configuration hash : 6535a80cbd8cbd80ee9906f35af27bad0a2ebb1d
Read template from root://eoslhcb.cern.ch//eos/lhcb/wg/PID/...a80cbd8cbd80ee9906f35af27bad0a2ebb1d/
Applying Gaussian smearing with kernel [2.0, 2.0, 4.0, 4.0]
Smeared template ready, starting resampling
Resampling chunk 1/2, index=0/51719
Resampling chunk 2/2, index=50000/51719
Random sampling of raw template with seed 1
Applying Gaussian smearing with kernel [2.0, 2.0, 4.0, 4.0]
Smeared template ready, starting resampling
Resampling chunk 1/2, index=0/51719
Resampling chunk 2/2, index=50000/51719
Random sampling of raw template with seed 2
Applying Gaussian smearing with kernel [2.0, 2.0, 4.0, 4.0]
Smeared template ready, starting resampling
Resampling chunk 1/2, index=0/51719
Resampling chunk 2/2, index=50000/51719
Random sampling of raw template with seed 3
Applying Gaussian smearing with kernel [2.0, 2.0, 4.0, 4.0]
Smeared template ready, starting resampling
Resampling chunk 1/2, index=0/51719
Resampling chunk 2/2, index=50000/51719
