Checking if template exists in the storage
Template configuration hash : 7fad40b6910e64eae1259a3d834c97b98cc4af02
Read template from root://eoslhcb.cern.ch//eos/lhcb/wg/PID/...40b6910e64eae1259a3d834c97b98cc4af02/
Applying Gaussian smearing with kernel [2.0, 2.0, 4.0, 4.0]
Smeared template ready, starting resampling
Resampling chunk 1/3, index=0/118554
Resampling chunk 2/3, index=50000/118554
Resampling chunk 3/3, index=100000/118554
Random sampling of raw template with seed 1
Applying Gaussian smearing with kernel [2.0, 2.0, 4.0, 4.0]
Smeared template ready, starting resampling
Resampling chunk 1/3, index=0/118554
Resampling chunk 2/3, index=50000/118554
Resampling chunk 3/3, index=100000/118554
Random sampling of raw template with seed 2
Applying Gaussian smearing with kernel [2.0, 2.0, 4.0, 4.0]
Smeared template ready, starting resampling
Resampling chunk 1/3, index=0/118554
Resampling chunk 2/3, index=50000/118554
Resampling chunk 3/3, index=100000/118554
Random sampling of raw template with seed 3
Applying Gaussian smearing with kernel [2.0, 2.0, 4.0, 4.0]
Smeared template ready, starting resampling
Resampling chunk 1/3, index=0/118554
Resampling chunk 2/3, index=50000/118554
Resampling chunk 3/3, index=100000/118554
