Checking if template exists in the storage
Template configuration hash : 7fad40b6910e64eae1259a3d834c97b98cc4af02
Read template from root://eoslhcb.cern.ch//eos/lhcb/wg/PID/...40b6910e64eae1259a3d834c97b98cc4af02/
Applying Gaussian smearing with kernel [2.0, 2.0, 4.0, 4.0]
Smeared template ready, starting resampling
Resampling chunk 1/5, index=0/235789
Resampling chunk 2/5, index=50000/235789
Resampling chunk 3/5, index=100000/235789
Resampling chunk 4/5, index=150000/235789
Resampling chunk 5/5, index=200000/235789
Random sampling of raw template with seed 1
Applying Gaussian smearing with kernel [2.0, 2.0, 4.0, 4.0]
Smeared template ready, starting resampling
Resampling chunk 1/5, index=0/235789
Resampling chunk 2/5, index=50000/235789
Resampling chunk 3/5, index=100000/235789
Resampling chunk 4/5, index=150000/235789
Resampling chunk 5/5, index=200000/235789
Random sampling of raw template with seed 2
Applying Gaussian smearing with kernel [2.0, 2.0, 4.0, 4.0]
Smeared template ready, starting resampling
Resampling chunk 1/5, index=0/235789
Resampling chunk 2/5, index=50000/235789
Resampling chunk 3/5, index=100000/235789
Resampling chunk 4/5, index=150000/235789
Resampling chunk 5/5, index=200000/235789
Random sampling of raw template with seed 3
Applying Gaussian smearing with kernel [2.0, 2.0, 4.0, 4.0]
Smeared template ready, starting resampling
Resampling chunk 1/5, index=0/235789
Resampling chunk 2/5, index=50000/235789
Resampling chunk 3/5, index=100000/235789
Resampling chunk 4/5, index=150000/235789
Resampling chunk 5/5, index=200000/235789
