Checking if template exists in the storage
Template configuration hash : 7fad40b6910e64eae1259a3d834c97b98cc4af02
Read template from root://eoslhcb.cern.ch//eos/lhcb/wg/PID/...40b6910e64eae1259a3d834c97b98cc4af02/
Applying Gaussian smearing with kernel [2.0, 2.0, 4.0, 4.0]
Smeared template ready, starting resampling
Resampling chunk 1/4, index=0/154485
Resampling chunk 2/4, index=50000/154485
Resampling chunk 3/4, index=100000/154485
Resampling chunk 4/4, index=150000/154485
Random sampling of raw template with seed 1
Applying Gaussian smearing with kernel [2.0, 2.0, 4.0, 4.0]
Smeared template ready, starting resampling
Resampling chunk 1/4, index=0/154485
Resampling chunk 2/4, index=50000/154485
Resampling chunk 3/4, index=100000/154485
Resampling chunk 4/4, index=150000/154485
Random sampling of raw template with seed 2
Applying Gaussian smearing with kernel [2.0, 2.0, 4.0, 4.0]
Smeared template ready, starting resampling
Resampling chunk 1/4, index=0/154485
Resampling chunk 2/4, index=50000/154485
Resampling chunk 3/4, index=100000/154485
Resampling chunk 4/4, index=150000/154485
Random sampling of raw template with seed 3
Applying Gaussian smearing with kernel [2.0, 2.0, 4.0, 4.0]
Smeared template ready, starting resampling
Resampling chunk 1/4, index=0/154485
Resampling chunk 2/4, index=50000/154485
Resampling chunk 3/4, index=100000/154485
Resampling chunk 4/4, index=150000/154485
